Started GET "/" for 127.0.0.1 at 2018-11-25 14:20:02 +0300
Processing by PagesController#app as HTML
  Rendering pages/app.html.erb within layouts/application
  Rendered pages/app.html.erb within layouts/application (1.7ms)
Completed 200 OK in 1750ms (Views: 1739.4ms | ActiveRecord: 0.0ms)


Started GET "/" for 127.0.0.1 at 2018-11-25 14:21:47 +0300
Processing by PagesController#app as HTML
  Rendering pages/app.html.erb within layouts/application
  Rendered pages/app.html.erb within layouts/application (1.0ms)
Completed 200 OK in 47ms (Views: 40.8ms | ActiveRecord: 0.0ms)


Started GET "/" for 127.0.0.1 at 2018-11-25 14:23:46 +0300
Processing by PagesController#app as HTML
  Rendering pages/app.html.erb within layouts/application
  Rendered pages/app.html.erb within layouts/application (339.3ms)
Completed 500 Internal Server Error in 351ms (ActiveRecord: 0.0ms)


  
ActionView::Template::Error (undefined method `react_compnent' for #<#<Class:0x00007fc2b93a35a8>:0x00007fc2bce55278>
Did you mean?  react_component):
    1: <%= react_compnent "App"%>
  
app/views/pages/app.html.erb:1:in `_app_views_pages_app_html_erb___883858846013460158_70237184765680'
Started GET "/" for 127.0.0.1 at 2018-11-25 14:24:03 +0300
Processing by PagesController#app as HTML
  Rendering pages/app.html.erb within layouts/application
  Rendered pages/app.html.erb within layouts/application (0.7ms)
Completed 200 OK in 31ms (Views: 27.1ms | ActiveRecord: 0.0ms)


Started GET "/" for 127.0.0.1 at 2018-11-25 14:25:22 +0300
Processing by PagesController#app as HTML
  Rendering pages/app.html.erb within layouts/application
  Rendered pages/app.html.erb within layouts/application (0.3ms)
Completed 200 OK in 24ms (Views: 21.7ms | ActiveRecord: 0.0ms)


Started GET "/" for 127.0.0.1 at 2018-11-25 14:25:39 +0300
Processing by PagesController#app as HTML
  Rendering pages/app.html.erb within layouts/application
  Rendered pages/app.html.erb within layouts/application (0.5ms)
Completed 200 OK in 25ms (Views: 21.9ms | ActiveRecord: 0.0ms)


Started GET "/" for 127.0.0.1 at 2018-11-25 14:25:47 +0300
Processing by PagesController#app as HTML
  Rendering pages/app.html.erb within layouts/application
  Rendered pages/app.html.erb within layouts/application (0.3ms)
Completed 200 OK in 26ms (Views: 22.7ms | ActiveRecord: 0.0ms)


Started GET "/" for 127.0.0.1 at 2018-11-25 14:29:56 +0300
Processing by PagesController#app as HTML
  Rendering pages/app.html.erb within layouts/application
  Rendered pages/app.html.erb within layouts/application (0.4ms)
Completed 200 OK in 31ms (Views: 27.9ms | ActiveRecord: 0.0ms)


Started GET "/" for 127.0.0.1 at 2018-11-25 14:31:16 +0300
Processing by PagesController#app as HTML
  Rendering pages/app.html.erb within layouts/application
  Rendered pages/app.html.erb within layouts/application (0.5ms)
Completed 200 OK in 33ms (Views: 30.1ms | ActiveRecord: 0.0ms)


Started GET "/" for 127.0.0.1 at 2018-11-25 14:32:35 +0300
Processing by PagesController#app as HTML
  Rendering pages/app.html.erb within layouts/application
  Rendered pages/app.html.erb within layouts/application (0.6ms)
Completed 200 OK in 40ms (Views: 35.4ms | ActiveRecord: 0.0ms)


Started GET "/" for 127.0.0.1 at 2018-11-25 14:33:24 +0300
Processing by PagesController#app as HTML
  Rendering pages/app.html.erb within layouts/application
  Rendered pages/app.html.erb within layouts/application (2.7ms)
Completed 200 OK in 63ms (Views: 55.6ms | ActiveRecord: 0.0ms)


Started GET "/" for 127.0.0.1 at 2018-11-25 14:33:32 +0300
Processing by PagesController#app as HTML
  Rendering pages/app.html.erb within layouts/application
  Rendered pages/app.html.erb within layouts/application (0.5ms)
Completed 200 OK in 53ms (Views: 48.4ms | ActiveRecord: 0.0ms)


Started GET "/" for 127.0.0.1 at 2018-11-25 14:33:56 +0300
Processing by PagesController#app as HTML
  Rendering pages/app.html.erb within layouts/application
  Rendered pages/app.html.erb within layouts/application (0.4ms)
Completed 200 OK in 25ms (Views: 21.1ms | ActiveRecord: 0.0ms)


Started GET "/" for 127.0.0.1 at 2018-11-25 14:35:32 +0300
Processing by PagesController#app as HTML
  Rendering pages/app.html.erb within layouts/application
  Rendered pages/app.html.erb within layouts/application (0.5ms)
Completed 200 OK in 25ms (Views: 22.4ms | ActiveRecord: 0.0ms)


Started GET "/" for 127.0.0.1 at 2018-11-25 14:40:25 +0300
Processing by PagesController#app as HTML
  Rendering pages/app.html.erb within layouts/application
  Rendered pages/app.html.erb within layouts/application (1.1ms)
Completed 200 OK in 41ms (Views: 37.7ms | ActiveRecord: 0.0ms)


Started GET "/" for 127.0.0.1 at 2018-11-25 14:42:38 +0300
Processing by PagesController#app as HTML
  Rendering pages/app.html.erb within layouts/application
  Rendered pages/app.html.erb within layouts/application (0.4ms)
Completed 200 OK in 32ms (Views: 28.9ms | ActiveRecord: 0.0ms)


Started GET "/" for 127.0.0.1 at 2018-11-25 14:43:03 +0300
Processing by PagesController#app as HTML
  Rendering pages/app.html.erb within layouts/application
  Rendered pages/app.html.erb within layouts/application (0.5ms)
Completed 200 OK in 23ms (Views: 21.0ms | ActiveRecord: 0.0ms)


Started GET "/" for 127.0.0.1 at 2018-11-25 14:43:13 +0300
Processing by PagesController#app as HTML
  Rendering pages/app.html.erb within layouts/application
  Rendered pages/app.html.erb within layouts/application (0.4ms)
Completed 200 OK in 21ms (Views: 18.7ms | ActiveRecord: 0.0ms)


Started GET "/" for 127.0.0.1 at 2018-11-25 14:43:28 +0300
Processing by PagesController#app as HTML
  Rendering pages/app.html.erb within layouts/application
  Rendered pages/app.html.erb within layouts/application (0.5ms)
Completed 200 OK in 27ms (Views: 23.6ms | ActiveRecord: 0.0ms)


Started GET "/" for 127.0.0.1 at 2018-11-25 14:43:48 +0300
Processing by PagesController#app as HTML
  Rendering pages/app.html.erb within layouts/application
  Rendered pages/app.html.erb within layouts/application (0.4ms)
Completed 200 OK in 27ms (Views: 24.6ms | ActiveRecord: 0.0ms)


Started GET "/" for 127.0.0.1 at 2018-11-25 14:43:50 +0300
Processing by PagesController#app as HTML
  Rendering pages/app.html.erb within layouts/application
  Rendered pages/app.html.erb within layouts/application (0.5ms)
Completed 200 OK in 35ms (Views: 32.2ms | ActiveRecord: 0.0ms)


Started GET "/" for 127.0.0.1 at 2018-11-25 14:44:19 +0300
Processing by PagesController#app as HTML
  Rendering pages/app.html.erb within layouts/application
  Rendered pages/app.html.erb within layouts/application (0.6ms)
Completed 200 OK in 30ms (Views: 27.0ms | ActiveRecord: 0.0ms)


Started GET "/" for 127.0.0.1 at 2018-11-25 14:44:23 +0300
Processing by PagesController#app as HTML
  Rendering pages/app.html.erb within layouts/application
  Rendered pages/app.html.erb within layouts/application (0.4ms)
Completed 200 OK in 28ms (Views: 24.8ms | ActiveRecord: 0.0ms)


Started GET "/" for 127.0.0.1 at 2018-11-25 14:44:52 +0300
Processing by PagesController#app as HTML
  Rendering pages/app.html.erb within layouts/application
  Rendered pages/app.html.erb within layouts/application (0.4ms)
Completed 200 OK in 25ms (Views: 21.5ms | ActiveRecord: 0.0ms)


Started GET "/" for 127.0.0.1 at 2018-11-25 14:45:49 +0300
Processing by PagesController#app as HTML
  Rendering pages/app.html.erb within layouts/application
  Rendered pages/app.html.erb within layouts/application (0.4ms)
Completed 200 OK in 22ms (Views: 19.2ms | ActiveRecord: 0.0ms)


Started GET "/" for 127.0.0.1 at 2018-11-25 14:46:46 +0300
Processing by PagesController#app as HTML
  Rendering pages/app.html.erb within layouts/application
  Rendered pages/app.html.erb within layouts/application (0.4ms)
Completed 200 OK in 22ms (Views: 19.2ms | ActiveRecord: 0.0ms)


Started GET "/" for 127.0.0.1 at 2018-11-25 15:19:21 +0300
Processing by PagesController#app as HTML
  Rendering pages/app.html.erb within layouts/application
  Rendered pages/app.html.erb within layouts/application (1.4ms)
Completed 200 OK in 56ms (Views: 49.9ms | ActiveRecord: 0.0ms)


Started GET "/" for 127.0.0.1 at 2018-11-25 15:20:31 +0300
Processing by PagesController#app as HTML
  Rendering pages/app.html.erb within layouts/application
  Rendered pages/app.html.erb within layouts/application (0.7ms)
Completed 200 OK in 43ms (Views: 40.5ms | ActiveRecord: 0.0ms)


Started GET "/" for 127.0.0.1 at 2018-11-25 15:22:16 +0300
Processing by PagesController#app as HTML
  Rendering pages/app.html.erb within layouts/application
  Rendered pages/app.html.erb within layouts/application (0.7ms)
Completed 200 OK in 38ms (Views: 34.8ms | ActiveRecord: 0.0ms)


Started GET "/" for 127.0.0.1 at 2018-11-25 15:23:20 +0300
Processing by PagesController#app as HTML
  Rendering pages/app.html.erb within layouts/application
  Rendered pages/app.html.erb within layouts/application (0.7ms)
Completed 200 OK in 38ms (Views: 36.0ms | ActiveRecord: 0.0ms)


Started GET "/" for 127.0.0.1 at 2018-11-25 15:24:39 +0300
Processing by PagesController#app as HTML
  Rendering pages/app.html.erb within layouts/application
  Rendered pages/app.html.erb within layouts/application (0.4ms)
Completed 200 OK in 37ms (Views: 34.1ms | ActiveRecord: 0.0ms)


Started GET "/" for 127.0.0.1 at 2018-11-25 15:26:36 +0300
Processing by PagesController#app as HTML
  Rendering pages/app.html.erb within layouts/application
  Rendered pages/app.html.erb within layouts/application (0.8ms)
Completed 200 OK in 39ms (Views: 35.7ms | ActiveRecord: 0.0ms)


Started GET "/" for 127.0.0.1 at 2018-11-25 15:27:57 +0300
Processing by PagesController#app as HTML
  Rendering pages/app.html.erb within layouts/application
  Rendered pages/app.html.erb within layouts/application (0.4ms)
Completed 200 OK in 30ms (Views: 26.0ms | ActiveRecord: 0.0ms)


Started GET "/" for 127.0.0.1 at 2018-11-25 15:28:28 +0300
Processing by PagesController#app as HTML
  Rendering pages/app.html.erb within layouts/application
  Rendered pages/app.html.erb within layouts/application (0.5ms)
Completed 200 OK in 32ms (Views: 27.5ms | ActiveRecord: 0.0ms)


Started GET "/" for 127.0.0.1 at 2018-11-25 15:28:59 +0300
Processing by PagesController#app as HTML
  Rendering pages/app.html.erb within layouts/application
  Rendered pages/app.html.erb within layouts/application (0.5ms)
Completed 200 OK in 24ms (Views: 20.6ms | ActiveRecord: 0.0ms)


Started GET "/" for 127.0.0.1 at 2018-11-25 15:30:49 +0300
Processing by PagesController#app as HTML
  Rendering pages/app.html.erb within layouts/application
  Rendered pages/app.html.erb within layouts/application (0.4ms)
Completed 200 OK in 25ms (Views: 23.2ms | ActiveRecord: 0.0ms)


Started GET "/" for 127.0.0.1 at 2018-11-25 15:31:11 +0300
Processing by PagesController#app as HTML
  Rendering pages/app.html.erb within layouts/application
  Rendered pages/app.html.erb within layouts/application (0.5ms)
Completed 200 OK in 23ms (Views: 20.2ms | ActiveRecord: 0.0ms)


Started GET "/" for 127.0.0.1 at 2018-11-25 15:32:07 +0300
Processing by PagesController#app as HTML
  Rendering pages/app.html.erb within layouts/application
  Rendered pages/app.html.erb within layouts/application (0.4ms)
Completed 200 OK in 29ms (Views: 25.7ms | ActiveRecord: 0.0ms)


Started GET "/" for 127.0.0.1 at 2018-11-25 15:32:11 +0300
Processing by PagesController#app as HTML
  Rendering pages/app.html.erb within layouts/application
  Rendered pages/app.html.erb within layouts/application (0.6ms)
Completed 200 OK in 30ms (Views: 26.6ms | ActiveRecord: 0.0ms)


Started GET "/" for 127.0.0.1 at 2018-11-25 15:32:15 +0300
Processing by PagesController#app as HTML
  Rendering pages/app.html.erb within layouts/application
  Rendered pages/app.html.erb within layouts/application (0.6ms)
Completed 200 OK in 35ms (Views: 31.0ms | ActiveRecord: 0.0ms)


Started GET "/" for 127.0.0.1 at 2018-11-25 15:32:16 +0300
Processing by PagesController#app as HTML
  Rendering pages/app.html.erb within layouts/application
  Rendered pages/app.html.erb within layouts/application (0.4ms)
Completed 200 OK in 26ms (Views: 21.8ms | ActiveRecord: 0.0ms)


Started GET "/" for 127.0.0.1 at 2018-11-25 15:32:19 +0300
Processing by PagesController#app as HTML
  Rendering pages/app.html.erb within layouts/application
  Rendered pages/app.html.erb within layouts/application (0.7ms)
Completed 200 OK in 29ms (Views: 25.3ms | ActiveRecord: 0.0ms)


Started GET "/" for 127.0.0.1 at 2018-11-25 15:32:38 +0300
Processing by PagesController#app as HTML
  Rendering pages/app.html.erb within layouts/application
  Rendered pages/app.html.erb within layouts/application (0.6ms)
Completed 200 OK in 32ms (Views: 28.7ms | ActiveRecord: 0.0ms)


Started GET "/" for 127.0.0.1 at 2018-11-25 15:41:15 +0300
Processing by PagesController#app as HTML
  Rendering pages/app.html.erb within layouts/application
  Rendered pages/app.html.erb within layouts/application (0.9ms)
Completed 200 OK in 41ms (Views: 36.7ms | ActiveRecord: 0.0ms)


Started GET "/" for 127.0.0.1 at 2018-11-25 15:41:55 +0300
Processing by PagesController#app as HTML
  Rendering pages/app.html.erb within layouts/application
  Rendered pages/app.html.erb within layouts/application (0.8ms)
Completed 200 OK in 36ms (Views: 32.0ms | ActiveRecord: 0.0ms)


Started GET "/" for 127.0.0.1 at 2018-11-25 15:42:31 +0300
Processing by PagesController#app as HTML
  Rendering pages/app.html.erb within layouts/application
  Rendered pages/app.html.erb within layouts/application (0.6ms)
Completed 200 OK in 42ms (Views: 39.5ms | ActiveRecord: 0.0ms)


Started GET "/" for 127.0.0.1 at 2018-11-25 15:42:34 +0300
Processing by PagesController#app as HTML
  Rendering pages/app.html.erb within layouts/application
  Rendered pages/app.html.erb within layouts/application (0.7ms)
Completed 200 OK in 51ms (Views: 47.1ms | ActiveRecord: 0.0ms)


Started GET "/" for 127.0.0.1 at 2018-11-25 15:42:38 +0300
Processing by PagesController#app as HTML
  Rendering pages/app.html.erb within layouts/application
  Rendered pages/app.html.erb within layouts/application (0.5ms)
Completed 200 OK in 30ms (Views: 27.3ms | ActiveRecord: 0.0ms)


Started GET "/" for 127.0.0.1 at 2018-11-25 15:43:37 +0300
Processing by PagesController#app as HTML
  Rendering pages/app.html.erb within layouts/application
  Rendered pages/app.html.erb within layouts/application (1.1ms)
Completed 200 OK in 40ms (Views: 36.4ms | ActiveRecord: 0.0ms)


Started GET "/" for 127.0.0.1 at 2018-11-25 15:43:43 +0300
Processing by PagesController#app as HTML
  Rendering pages/app.html.erb within layouts/application
  Rendered pages/app.html.erb within layouts/application (0.6ms)
Completed 200 OK in 34ms (Views: 31.0ms | ActiveRecord: 0.0ms)


Started GET "/" for 127.0.0.1 at 2018-11-25 15:43:45 +0300
Processing by PagesController#app as HTML
  Rendering pages/app.html.erb within layouts/application
  Rendered pages/app.html.erb within layouts/application (0.7ms)
Completed 200 OK in 31ms (Views: 25.5ms | ActiveRecord: 0.0ms)


Started GET "/" for 127.0.0.1 at 2018-11-25 15:44:12 +0300
Processing by PagesController#app as HTML
  Rendering pages/app.html.erb within layouts/application
  Rendered pages/app.html.erb within layouts/application (0.4ms)
Completed 200 OK in 23ms (Views: 20.2ms | ActiveRecord: 0.0ms)


Started GET "/" for 127.0.0.1 at 2018-11-25 15:44:29 +0300
Processing by PagesController#app as HTML
  Rendering pages/app.html.erb within layouts/application
  Rendered pages/app.html.erb within layouts/application (0.6ms)
Completed 200 OK in 28ms (Views: 24.1ms | ActiveRecord: 0.0ms)


Started GET "/" for 127.0.0.1 at 2018-11-25 15:44:32 +0300
Processing by PagesController#app as HTML
  Rendering pages/app.html.erb within layouts/application
  Rendered pages/app.html.erb within layouts/application (0.7ms)
Completed 200 OK in 26ms (Views: 23.8ms | ActiveRecord: 0.0ms)


Started GET "/" for 127.0.0.1 at 2018-11-25 15:46:32 +0300
Processing by PagesController#app as HTML
  Rendering pages/app.html.erb within layouts/application
  Rendered pages/app.html.erb within layouts/application (0.5ms)
Completed 200 OK in 30ms (Views: 26.4ms | ActiveRecord: 0.0ms)


Started GET "/" for 127.0.0.1 at 2018-11-25 15:46:55 +0300
Processing by PagesController#app as HTML
  Rendering pages/app.html.erb within layouts/application
  Rendered pages/app.html.erb within layouts/application (0.4ms)
Completed 200 OK in 26ms (Views: 21.8ms | ActiveRecord: 0.0ms)


Started GET "/" for 127.0.0.1 at 2018-11-25 15:51:43 +0300
Processing by PagesController#app as HTML
  Rendering pages/app.html.erb within layouts/application
  Rendered pages/app.html.erb within layouts/application (1.0ms)
Completed 200 OK in 39ms (Views: 36.5ms | ActiveRecord: 0.0ms)


Started GET "/" for 127.0.0.1 at 2018-11-25 15:51:52 +0300
Processing by PagesController#app as HTML
  Rendering pages/app.html.erb within layouts/application
  Rendered pages/app.html.erb within layouts/application (0.6ms)
Completed 200 OK in 37ms (Views: 33.6ms | ActiveRecord: 0.0ms)


Started GET "/" for 127.0.0.1 at 2018-11-25 15:56:54 +0300
Processing by PagesController#app as HTML
  Rendering pages/app.html.erb within layouts/application
  Rendered pages/app.html.erb within layouts/application (0.7ms)
Completed 200 OK in 44ms (Views: 38.7ms | ActiveRecord: 0.0ms)


Started GET "/" for 127.0.0.1 at 2018-11-25 15:57:52 +0300
Processing by PagesController#app as HTML
  Rendering pages/app.html.erb within layouts/application
  Rendered pages/app.html.erb within layouts/application (0.5ms)
Completed 200 OK in 40ms (Views: 37.7ms | ActiveRecord: 0.0ms)


Started GET "/" for 127.0.0.1 at 2018-11-25 16:00:06 +0300
Processing by PagesController#app as HTML
  Rendering pages/app.html.erb within layouts/application
  Rendered pages/app.html.erb within layouts/application (0.5ms)
Completed 200 OK in 26ms (Views: 23.0ms | ActiveRecord: 0.0ms)


Started GET "/" for 127.0.0.1 at 2018-11-25 16:00:27 +0300
Processing by PagesController#app as HTML
  Rendering pages/app.html.erb within layouts/application
  Rendered pages/app.html.erb within layouts/application (0.7ms)
Completed 200 OK in 30ms (Views: 26.0ms | ActiveRecord: 0.0ms)


Started GET "/" for 127.0.0.1 at 2018-11-25 16:05:39 +0300
Processing by PagesController#app as HTML
  Rendering pages/app.html.erb within layouts/application
  Rendered pages/app.html.erb within layouts/application (0.8ms)
Completed 200 OK in 45ms (Views: 41.8ms | ActiveRecord: 0.0ms)


Started GET "/" for 127.0.0.1 at 2018-11-25 16:11:32 +0300
Processing by PagesController#app as HTML
  Rendering pages/app.html.erb within layouts/application
  Rendered pages/app.html.erb within layouts/application (1.2ms)
Completed 200 OK in 42ms (Views: 36.6ms | ActiveRecord: 0.0ms)


Started GET "/" for 127.0.0.1 at 2018-11-25 16:11:43 +0300
Processing by PagesController#app as HTML
  Rendering pages/app.html.erb within layouts/application
  Rendered pages/app.html.erb within layouts/application (0.5ms)
Completed 200 OK in 31ms (Views: 28.3ms | ActiveRecord: 0.0ms)


Started GET "/" for 127.0.0.1 at 2018-11-25 16:11:45 +0300
Processing by PagesController#app as HTML
  Rendering pages/app.html.erb within layouts/application
  Rendered pages/app.html.erb within layouts/application (0.6ms)
Completed 200 OK in 27ms (Views: 23.1ms | ActiveRecord: 0.0ms)


Started GET "/" for 127.0.0.1 at 2018-11-25 16:12:03 +0300
Processing by PagesController#app as HTML
  Rendering pages/app.html.erb within layouts/application
  Rendered pages/app.html.erb within layouts/application (0.4ms)
Completed 200 OK in 20ms (Views: 17.6ms | ActiveRecord: 0.0ms)


Started GET "/" for 127.0.0.1 at 2018-11-25 16:16:08 +0300
Processing by PagesController#app as HTML
  Rendering pages/app.html.erb within layouts/application
  Rendered pages/app.html.erb within layouts/application (0.5ms)
Completed 200 OK in 37ms (Views: 32.1ms | ActiveRecord: 0.0ms)


Started GET "/" for 127.0.0.1 at 2018-11-25 16:16:26 +0300
Processing by PagesController#app as HTML
  Rendering pages/app.html.erb within layouts/application
  Rendered pages/app.html.erb within layouts/application (0.5ms)
Completed 200 OK in 27ms (Views: 24.2ms | ActiveRecord: 0.0ms)


Started GET "/" for 127.0.0.1 at 2018-11-25 16:16:41 +0300
Processing by PagesController#app as HTML
  Rendering pages/app.html.erb within layouts/application
  Rendered pages/app.html.erb within layouts/application (0.5ms)
Completed 200 OK in 30ms (Views: 27.1ms | ActiveRecord: 0.0ms)


Started GET "/" for 127.0.0.1 at 2018-11-25 16:16:54 +0300
Processing by PagesController#app as HTML
  Rendering pages/app.html.erb within layouts/application
  Rendered pages/app.html.erb within layouts/application (1.0ms)
Completed 200 OK in 39ms (Views: 35.2ms | ActiveRecord: 0.0ms)


Started GET "/" for 127.0.0.1 at 2018-11-25 16:17:27 +0300
Processing by PagesController#app as HTML
  Rendering pages/app.html.erb within layouts/application
  Rendered pages/app.html.erb within layouts/application (0.5ms)
Completed 200 OK in 23ms (Views: 19.9ms | ActiveRecord: 0.0ms)


Started GET "/" for 127.0.0.1 at 2018-11-25 16:17:44 +0300
Processing by PagesController#app as HTML
  Rendering pages/app.html.erb within layouts/application
  Rendered pages/app.html.erb within layouts/application (0.4ms)
Completed 200 OK in 22ms (Views: 19.5ms | ActiveRecord: 0.0ms)


Started GET "/" for 127.0.0.1 at 2018-11-25 16:18:06 +0300
Processing by PagesController#app as HTML
  Rendering pages/app.html.erb within layouts/application
  Rendered pages/app.html.erb within layouts/application (0.4ms)
Completed 200 OK in 24ms (Views: 22.0ms | ActiveRecord: 0.0ms)


Started GET "/" for 127.0.0.1 at 2018-11-25 16:18:29 +0300
Processing by PagesController#app as HTML
  Rendering pages/app.html.erb within layouts/application
  Rendered pages/app.html.erb within layouts/application (0.4ms)
Completed 200 OK in 25ms (Views: 21.5ms | ActiveRecord: 0.0ms)


Started GET "/" for 127.0.0.1 at 2018-11-25 16:18:59 +0300
Processing by PagesController#app as HTML
  Rendering pages/app.html.erb within layouts/application
  Rendered pages/app.html.erb within layouts/application (0.4ms)
Completed 200 OK in 23ms (Views: 20.9ms | ActiveRecord: 0.0ms)


Started GET "/" for 127.0.0.1 at 2018-11-25 16:19:15 +0300
Processing by PagesController#app as HTML
  Rendering pages/app.html.erb within layouts/application
  Rendered pages/app.html.erb within layouts/application (0.7ms)
Completed 200 OK in 29ms (Views: 24.9ms | ActiveRecord: 0.0ms)


Started GET "/" for 127.0.0.1 at 2018-11-25 16:20:54 +0300
Processing by PagesController#app as HTML
  Rendering pages/app.html.erb within layouts/application
  Rendered pages/app.html.erb within layouts/application (0.6ms)
Completed 200 OK in 38ms (Views: 35.7ms | ActiveRecord: 0.0ms)


Started GET "/" for 127.0.0.1 at 2018-11-25 16:21:28 +0300
Processing by PagesController#app as HTML
  Rendering pages/app.html.erb within layouts/application
  Rendered pages/app.html.erb within layouts/application (0.6ms)
Completed 200 OK in 26ms (Views: 22.6ms | ActiveRecord: 0.0ms)


Started GET "/" for 127.0.0.1 at 2018-11-25 16:21:38 +0300
Processing by PagesController#app as HTML
  Rendering pages/app.html.erb within layouts/application
  Rendered pages/app.html.erb within layouts/application (0.6ms)
Completed 200 OK in 26ms (Views: 23.2ms | ActiveRecord: 0.0ms)


Started GET "/" for 127.0.0.1 at 2018-11-25 16:23:26 +0300
Processing by PagesController#app as HTML
  Rendering pages/app.html.erb within layouts/application
  Rendered pages/app.html.erb within layouts/application (0.8ms)
Completed 200 OK in 33ms (Views: 30.1ms | ActiveRecord: 0.0ms)


Started GET "/" for 127.0.0.1 at 2018-11-25 16:23:33 +0300
Processing by PagesController#app as HTML
  Rendering pages/app.html.erb within layouts/application
  Rendered pages/app.html.erb within layouts/application (0.5ms)
Completed 200 OK in 20ms (Views: 17.8ms | ActiveRecord: 0.0ms)


Started GET "/" for 127.0.0.1 at 2018-11-25 16:23:57 +0300
Processing by PagesController#app as HTML
  Rendering pages/app.html.erb within layouts/application
  Rendered pages/app.html.erb within layouts/application (0.6ms)
Completed 200 OK in 21ms (Views: 18.5ms | ActiveRecord: 0.0ms)


Started GET "/" for 127.0.0.1 at 2018-11-25 16:25:15 +0300
Processing by PagesController#app as HTML
  Rendering pages/app.html.erb within layouts/application
  Rendered pages/app.html.erb within layouts/application (0.6ms)
Completed 200 OK in 31ms (Views: 27.9ms | ActiveRecord: 0.0ms)


Started GET "/" for 127.0.0.1 at 2018-11-25 16:25:24 +0300
Processing by PagesController#app as HTML
  Rendering pages/app.html.erb within layouts/application
  Rendered pages/app.html.erb within layouts/application (0.4ms)
Completed 200 OK in 28ms (Views: 25.6ms | ActiveRecord: 0.0ms)


Started GET "/" for 127.0.0.1 at 2018-11-25 16:25:56 +0300
Processing by PagesController#app as HTML
  Rendering pages/app.html.erb within layouts/application
  Rendered pages/app.html.erb within layouts/application (0.4ms)
Completed 200 OK in 26ms (Views: 23.3ms | ActiveRecord: 0.0ms)


Started GET "/" for 127.0.0.1 at 2018-11-25 16:26:17 +0300
Processing by PagesController#app as HTML
  Rendering pages/app.html.erb within layouts/application
  Rendered pages/app.html.erb within layouts/application (0.6ms)
Completed 200 OK in 25ms (Views: 21.4ms | ActiveRecord: 0.0ms)


Started GET "/" for 127.0.0.1 at 2018-11-25 16:26:36 +0300
Processing by PagesController#app as HTML
  Rendering pages/app.html.erb within layouts/application
  Rendered pages/app.html.erb within layouts/application (0.6ms)
Completed 200 OK in 29ms (Views: 27.1ms | ActiveRecord: 0.0ms)


Started GET "/" for 127.0.0.1 at 2018-11-25 16:31:00 +0300
Processing by PagesController#app as HTML
  Rendering pages/app.html.erb within layouts/application
  Rendered pages/app.html.erb within layouts/application (0.5ms)
Completed 200 OK in 20ms (Views: 17.6ms | ActiveRecord: 0.0ms)


Started GET "/" for 127.0.0.1 at 2018-11-25 16:31:13 +0300
Processing by PagesController#app as HTML
  Rendering pages/app.html.erb within layouts/application
  Rendered pages/app.html.erb within layouts/application (0.7ms)
Completed 200 OK in 23ms (Views: 20.3ms | ActiveRecord: 0.0ms)


Started GET "/" for 127.0.0.1 at 2018-11-25 16:31:33 +0300
Processing by PagesController#app as HTML
  Rendering pages/app.html.erb within layouts/application
  Rendered pages/app.html.erb within layouts/application (0.6ms)
Completed 200 OK in 30ms (Views: 27.0ms | ActiveRecord: 0.0ms)


Started GET "/" for 127.0.0.1 at 2018-11-25 16:32:04 +0300
Processing by PagesController#app as HTML
  Rendering pages/app.html.erb within layouts/application
  Rendered pages/app.html.erb within layouts/application (0.6ms)
Completed 200 OK in 35ms (Views: 29.8ms | ActiveRecord: 0.0ms)


Started GET "/" for 127.0.0.1 at 2018-11-25 16:32:38 +0300
Processing by PagesController#app as HTML
  Rendering pages/app.html.erb within layouts/application
  Rendered pages/app.html.erb within layouts/application (0.4ms)
Completed 200 OK in 28ms (Views: 24.4ms | ActiveRecord: 0.0ms)


Started GET "/" for 127.0.0.1 at 2018-11-25 16:35:18 +0300
Processing by PagesController#app as HTML
  Rendering pages/app.html.erb within layouts/application
  Rendered pages/app.html.erb within layouts/application (0.7ms)
Completed 200 OK in 30ms (Views: 21.6ms | ActiveRecord: 0.0ms)


Started GET "/" for 127.0.0.1 at 2018-11-25 16:38:13 +0300
Processing by PagesController#app as HTML
  Rendering pages/app.html.erb within layouts/application
  Rendered pages/app.html.erb within layouts/application (0.6ms)
Completed 200 OK in 29ms (Views: 25.3ms | ActiveRecord: 0.0ms)


Started GET "/" for 127.0.0.1 at 2018-11-25 16:40:04 +0300
Processing by PagesController#app as HTML
  Rendering pages/app.html.erb within layouts/application
  Rendered pages/app.html.erb within layouts/application (0.6ms)
Completed 200 OK in 31ms (Views: 28.4ms | ActiveRecord: 0.0ms)


Started GET "/" for 127.0.0.1 at 2018-11-25 16:44:57 +0300
Processing by PagesController#app as HTML
  Rendering pages/app.html.erb within layouts/application
  Rendered pages/app.html.erb within layouts/application (0.6ms)
Completed 200 OK in 32ms (Views: 28.9ms | ActiveRecord: 0.0ms)


Started GET "/" for 127.0.0.1 at 2018-11-25 16:49:37 +0300
Processing by PagesController#app as HTML
  Rendering pages/app.html.erb within layouts/application
  Rendered pages/app.html.erb within layouts/application (0.5ms)
Completed 200 OK in 25ms (Views: 23.1ms | ActiveRecord: 0.0ms)


Started GET "/" for 127.0.0.1 at 2018-11-25 16:50:23 +0300
Processing by PagesController#app as HTML
  Rendering pages/app.html.erb within layouts/application
  Rendered pages/app.html.erb within layouts/application (0.5ms)
Completed 200 OK in 39ms (Views: 35.6ms | ActiveRecord: 0.0ms)


Started GET "/" for 127.0.0.1 at 2018-11-25 16:57:34 +0300
Processing by PagesController#app as HTML
  Rendering pages/app.html.erb within layouts/application
  Rendered pages/app.html.erb within layouts/application (2.2ms)
Completed 200 OK in 45ms (Views: 41.0ms | ActiveRecord: 0.0ms)


Started GET "/" for 127.0.0.1 at 2018-11-25 19:15:09 +0300
Processing by PagesController#app as HTML
  Rendering pages/app.html.erb within layouts/application
  Rendered pages/app.html.erb within layouts/application (1.6ms)
Completed 200 OK in 46ms (Views: 40.5ms | ActiveRecord: 0.0ms)


Started GET "/" for 127.0.0.1 at 2018-11-25 19:17:12 +0300
Processing by PagesController#app as HTML
  Rendering pages/app.html.erb within layouts/application
  Rendered pages/app.html.erb within layouts/application (0.4ms)
Completed 200 OK in 32ms (Views: 28.9ms | ActiveRecord: 0.0ms)


Started GET "/" for 127.0.0.1 at 2018-11-25 19:18:27 +0300
Processing by PagesController#app as HTML
  Rendering pages/app.html.erb within layouts/application
  Rendered pages/app.html.erb within layouts/application (0.4ms)
Completed 200 OK in 22ms (Views: 19.0ms | ActiveRecord: 0.0ms)


Started GET "/" for 127.0.0.1 at 2018-11-25 19:19:50 +0300
Processing by PagesController#app as HTML
  Rendering pages/app.html.erb within layouts/application
  Rendered pages/app.html.erb within layouts/application (0.6ms)
Completed 200 OK in 23ms (Views: 20.5ms | ActiveRecord: 0.0ms)


Started GET "/" for 127.0.0.1 at 2018-11-25 19:20:42 +0300
Processing by PagesController#app as HTML
  Rendering pages/app.html.erb within layouts/application
  Rendered pages/app.html.erb within layouts/application (0.6ms)
Completed 200 OK in 30ms (Views: 27.6ms | ActiveRecord: 0.0ms)


Started GET "/" for 127.0.0.1 at 2018-11-25 19:20:59 +0300
Processing by PagesController#app as HTML
  Rendering pages/app.html.erb within layouts/application
  Rendered pages/app.html.erb within layouts/application (0.4ms)
Completed 200 OK in 23ms (Views: 18.9ms | ActiveRecord: 0.0ms)


Started GET "/" for 127.0.0.1 at 2018-11-25 19:21:16 +0300
Processing by PagesController#app as HTML
  Rendering pages/app.html.erb within layouts/application
  Rendered pages/app.html.erb within layouts/application (0.5ms)
Completed 200 OK in 22ms (Views: 19.6ms | ActiveRecord: 0.0ms)


Started GET "/" for 127.0.0.1 at 2018-11-25 19:21:33 +0300
Processing by PagesController#app as HTML
  Rendering pages/app.html.erb within layouts/application
  Rendered pages/app.html.erb within layouts/application (0.6ms)
Completed 200 OK in 22ms (Views: 18.1ms | ActiveRecord: 0.0ms)


Started GET "/" for 127.0.0.1 at 2018-11-25 19:21:49 +0300
Processing by PagesController#app as HTML
  Rendering pages/app.html.erb within layouts/application
  Rendered pages/app.html.erb within layouts/application (0.5ms)
Completed 200 OK in 17ms (Views: 15.2ms | ActiveRecord: 0.0ms)


Started GET "/" for 127.0.0.1 at 2018-11-25 19:22:44 +0300
Processing by PagesController#app as HTML
  Rendering pages/app.html.erb within layouts/application
  Rendered pages/app.html.erb within layouts/application (0.5ms)
Completed 200 OK in 19ms (Views: 16.3ms | ActiveRecord: 0.0ms)


Started GET "/" for 127.0.0.1 at 2018-11-25 19:24:33 +0300
Processing by PagesController#app as HTML
  Rendering pages/app.html.erb within layouts/application
  Rendered pages/app.html.erb within layouts/application (0.5ms)
Completed 200 OK in 19ms (Views: 16.2ms | ActiveRecord: 0.0ms)


Started GET "/" for 127.0.0.1 at 2018-11-25 19:25:02 +0300
Processing by PagesController#app as HTML
  Rendering pages/app.html.erb within layouts/application
  Rendered pages/app.html.erb within layouts/application (0.5ms)
Completed 200 OK in 29ms (Views: 24.5ms | ActiveRecord: 0.0ms)


Started GET "/" for 127.0.0.1 at 2018-11-25 19:30:48 +0300
Processing by PagesController#app as HTML
  Rendering pages/app.html.erb within layouts/application
  Rendered pages/app.html.erb within layouts/application (0.5ms)
Completed 200 OK in 28ms (Views: 24.7ms | ActiveRecord: 0.0ms)


Started GET "/" for 127.0.0.1 at 2018-11-25 19:35:33 +0300
Processing by PagesController#app as HTML
  Rendering pages/app.html.erb within layouts/application
  Rendered pages/app.html.erb within layouts/application (0.5ms)
Completed 200 OK in 32ms (Views: 29.1ms | ActiveRecord: 0.0ms)


Started GET "/" for 127.0.0.1 at 2018-11-25 19:42:43 +0300
Processing by PagesController#app as HTML
  Rendering pages/app.html.erb within layouts/application
  Rendered pages/app.html.erb within layouts/application (0.6ms)
Completed 200 OK in 33ms (Views: 28.3ms | ActiveRecord: 0.0ms)


Started GET "/" for 127.0.0.1 at 2018-11-25 19:49:50 +0300
Processing by PagesController#app as HTML
  Rendering pages/app.html.erb within layouts/application
  Rendered pages/app.html.erb within layouts/application (0.7ms)
Completed 200 OK in 28ms (Views: 25.6ms | ActiveRecord: 0.0ms)


Started GET "/" for 127.0.0.1 at 2018-11-25 19:50:18 +0300
Processing by PagesController#app as HTML
  Rendering pages/app.html.erb within layouts/application
  Rendered pages/app.html.erb within layouts/application (0.5ms)
Completed 200 OK in 28ms (Views: 25.2ms | ActiveRecord: 0.0ms)


Started GET "/" for 127.0.0.1 at 2018-11-25 19:51:41 +0300
Processing by PagesController#app as HTML
  Rendering pages/app.html.erb within layouts/application
  Rendered pages/app.html.erb within layouts/application (0.8ms)
Completed 200 OK in 36ms (Views: 32.4ms | ActiveRecord: 0.0ms)


Started GET "/" for 127.0.0.1 at 2018-11-25 19:55:31 +0300
Processing by PagesController#app as HTML
  Rendering pages/app.html.erb within layouts/application
  Rendered pages/app.html.erb within layouts/application (2.0ms)
Completed 200 OK in 41ms (Views: 35.4ms | ActiveRecord: 0.0ms)


Started GET "/" for 127.0.0.1 at 2018-11-25 19:55:59 +0300
Processing by PagesController#app as HTML
  Rendering pages/app.html.erb within layouts/application
  Rendered pages/app.html.erb within layouts/application (0.6ms)
Completed 200 OK in 28ms (Views: 25.3ms | ActiveRecord: 0.0ms)


Started GET "/" for 127.0.0.1 at 2018-11-25 19:56:37 +0300
Processing by PagesController#app as HTML
  Rendering pages/app.html.erb within layouts/application
  Rendered pages/app.html.erb within layouts/application (0.4ms)
Completed 200 OK in 26ms (Views: 23.2ms | ActiveRecord: 0.0ms)


Started GET "/" for 127.0.0.1 at 2018-11-25 19:56:44 +0300
Processing by PagesController#app as HTML
  Rendering pages/app.html.erb within layouts/application
  Rendered pages/app.html.erb within layouts/application (0.4ms)
Completed 200 OK in 29ms (Views: 26.0ms | ActiveRecord: 0.0ms)


Started GET "/" for 127.0.0.1 at 2018-11-25 19:56:55 +0300
Processing by PagesController#app as HTML
  Rendering pages/app.html.erb within layouts/application
  Rendered pages/app.html.erb within layouts/application (0.7ms)
Completed 200 OK in 30ms (Views: 26.2ms | ActiveRecord: 0.0ms)


Started GET "/" for 127.0.0.1 at 2018-11-25 19:57:32 +0300
Processing by PagesController#app as HTML
  Rendering pages/app.html.erb within layouts/application
  Rendered pages/app.html.erb within layouts/application (0.6ms)
Completed 200 OK in 29ms (Views: 26.5ms | ActiveRecord: 0.0ms)


Started GET "/" for 127.0.0.1 at 2019-01-17 13:42:57 +0300
Processing by PagesController#app as HTML
  Rendering pages/app.html.erb within layouts/application
  Rendered pages/app.html.erb within layouts/application (3.2ms)
[Webpacker] Compiling…
[Webpacker] Compiled all packs in /Users/la/Documents/A-Z/o/OryxClass/class/week_09/day_01/ReactMovies/public/packs
Completed 200 OK in 6641ms (Views: 6633.0ms | ActiveRecord: 0.0ms)


Started GET "/" for 127.0.0.1 at 2019-04-10 21:01:05 +0300
Processing by PagesController#app as HTML
  Rendering pages/app.html.erb within layouts/application
  Rendered pages/app.html.erb within layouts/application (3.0ms)
Completed 200 OK in 3295ms (Views: 3288.4ms | ActiveRecord: 0.0ms)


